-------------------------------------------------------------------------------
Test set: com.salesforce.automation.runner.SalesforceRunner
-------------------------------------------------------------------------------
Tests run: 1, Failures: 1, Errors: 0, Skipped: 0, Time elapsed: 0.749 sec <<< FAILURE! - in com.salesforce.automation.runner.SalesforceRunner
setUpClass(com.salesforce.automation.runner.SalesforceRunner)  Time elapsed: 0.486 sec  <<< FAILURE!
java.lang.IllegalArgumentException: path must exist: /Users/pratimapujar/eclipse-workspace/SalesforceAutomationCucumberFramework/src/test/resources/com/salesforce/feature/SalesforceFeature.feature

