<?xml version="1.0" encoding="UTF-8"?>
<testsuite xmlns:xsi="http://www.w3.org/2001/XMLSchema-instance" xsi:schemaLocation="https://maven.apache.org/surefire/maven-surefire-plugin/xsd/surefire-test-report.xsd" name="com.salesforce.automation.runner.SalesforceRunner" time="0.749" tests="1" errors="0" skipped="0" failures="1">
  <properties>
[...]
</properties>
  <testcase name="setUpClass" classname="com.salesforce.automation.runner.SalesforceRunner" time="0.486">
    <failure message="path must exist: /Users/pratimapujar/eclipse-workspace/SalesforceAutomationCucumberFramework/src/test/resources/com/salesforce/feature/SalesforceFeature.feature" type="java.lang.IllegalArgumentException">java.lang.IllegalArgumentException: path must exist: /Users/pratimapujar/eclipse-workspace/SalesforceAutomationCucumberFramework/src/test/resources/com/salesforce/feature/SalesforceFeature.feature
</failure>
    <system-err><![CDATA[SLF4J: Failed to load class "org.slf4j.impl.StaticLoggerBinder".
SLF4J: Defaulting to no-operation (NOP) logger implementation
SLF4J: See http://www.slf4j.org/codes.html#StaticLoggerBinder for further details.
]]></system-err>
  </testcase>
</testsuite>